[2017-09-27 08:05:27] rpcReceive.INFO: Begin listen routine [] []
[2017-09-27 08:05:27] rpcReceive.INFO: Consuming from queue [] []
[2017-09-27 08:05:27] rpcReceive.INFO: Waiting for incoming messages [] []
[2017-09-27 08:05:41] rpcReceive.INFO: Received message: {"username":"admin","password":"admin"} [] []
[2017-09-27 08:05:41] rpcReceive.INFO: Created response: {"status":true} for correlation id: 59cb3fb5dcdb2 [] []
[2017-09-27 08:05:41] rpcReceive.INFO: Published response, replying to: amq.gen-NSVF0dYsPlxUMvo7_NlPoQ [] []
[2017-09-27 08:05:41] rpcReceive.INFO: Acknowledged message to delivery tag: 1 [] []
[2017-09-27 08:05:41] rpcReceive.INFO: Waiting for incoming messages [] []
[2017-09-27 08:09:28] rpcReceive.INFO: Received message: {"username":"admin","password":"admin"} [] []
[2017-09-27 08:09:28] rpcReceive.INFO: Created response: {"status":true} for correlation id: 59cb4098d4a2e [] []
[2017-09-27 08:09:28] rpcReceive.INFO: Published response, replying to: amq.gen-Mlz8JkqA8CuTdfTrIXNJLA [] []
[2017-09-27 08:09:28] rpcReceive.INFO: Acknowledged message to delivery tag: 2 [] []
[2017-09-27 08:09:28] rpcReceive.INFO: Waiting for incoming messages [] []
[2017-09-27 08:09:35] rpcReceive.INFO: Received message: {"username":"test","password":"test"} [] []
[2017-09-27 08:09:35] rpcReceive.INFO: Created response: {"status":false} for correlation id: 59cb409ff2bed [] []
[2017-09-27 08:09:35] rpcReceive.INFO: Published response, replying to: amq.gen-tl4s8HeZb3BsGMhDMRrksA [] []
[2017-09-27 08:09:35] rpcReceive.INFO: Acknowledged message to delivery tag: 3 [] []
[2017-09-27 08:09:35] rpcReceive.INFO: Waiting for incoming messages [] []
[2017-09-27 12:49:31] rpcReceive.INFO: Received message: {"username":"admin","password":"admin"} [] []
[2017-09-27 12:49:31] rpcReceive.INFO: Created response: {"status":true} for correlation id: 59cb823b66df6 [] []
[2017-09-27 12:49:31] rpcReceive.INFO: Published response, replying to: amq.gen-7Amhn4u0OW4JFkb5Xcmt6g [] []
[2017-09-27 12:49:31] rpcReceive.INFO: Acknowledged message to delivery tag: 4 [] []
[2017-09-27 12:49:31] rpcReceive.INFO: Waiting for incoming messages [] []
