[2017-09-26 16:58:11] rpcSend.INFO: Recevied the credentials: a:2:{s:8:"username";s:5:"guest";s:8:"password";s:5:"guest";} [] []
[2017-09-26 16:58:11] rpcSend.INFO: Generated the callback queue: amq.gen-5HNNniU0Qp_KPgYrOjGrcA [] []
[2017-09-26 16:58:11] rpcSend.INFO: Generated correlation id: 59ca6b037dacc [] []
[2017-09-26 16:58:11] rpcSend.INFO: Published message into queue [] []
[2017-09-26 16:58:11] rpcSend.INFO: Waiting to receive response [] []
[2017-09-26 16:59:55] rpcSend.INFO: Recevied the credentials: a:2:{s:8:"username";s:5:"guest";s:8:"password";s:5:"guest";} [] []
[2017-09-26 16:59:55] rpcSend.INFO: Generated the callback queue: amq.gen-nORPtvqW8ywdF92i1qZHUw [] []
[2017-09-26 16:59:55] rpcSend.INFO: Generated correlation id: 59ca6b6b5a4b1 [] []
[2017-09-26 16:59:55] rpcSend.INFO: Published message into queue [] []
[2017-09-26 16:59:55] rpcSend.INFO: Waiting to receive response [] []
[2017-09-27 08:05:41] rpcSend.INFO: Recevied the credentials: a:2:{s:8:"username";s:5:"admin";s:8:"password";s:5:"admin";} [] []
[2017-09-27 08:05:41] rpcSend.INFO: Generated the callback queue: amq.gen-NSVF0dYsPlxUMvo7_NlPoQ [] []
[2017-09-27 08:05:41] rpcSend.INFO: Generated correlation id: 59cb3fb5dcdb2 [] []
[2017-09-27 08:05:41] rpcSend.INFO: Published message into queue [] []
[2017-09-27 08:05:41] rpcSend.INFO: Waiting to receive response [] []
[2017-09-27 08:05:41] rpcSend.INFO: Received response [] []
[2017-09-27 08:05:41] rpcSend.INFO: Correlation id matches, setting response: {"status":true} [] []
[2017-09-27 08:09:28] rpcSend.INFO: Recevied the credentials: a:2:{s:8:"username";s:5:"admin";s:8:"password";s:5:"admin";} [] []
[2017-09-27 08:09:28] rpcSend.INFO: Generated the callback queue: amq.gen-Mlz8JkqA8CuTdfTrIXNJLA [] []
[2017-09-27 08:09:28] rpcSend.INFO: Generated correlation id: 59cb4098d4a2e [] []
[2017-09-27 08:09:28] rpcSend.INFO: Published message into queue [] []
[2017-09-27 08:09:28] rpcSend.INFO: Waiting to receive response [] []
[2017-09-27 08:09:28] rpcSend.INFO: Received response [] []
[2017-09-27 08:09:28] rpcSend.INFO: Correlation id matches, setting response: {"status":true} [] []
[2017-09-27 08:09:35] rpcSend.INFO: Recevied the credentials: a:2:{s:8:"username";s:4:"test";s:8:"password";s:4:"test";} [] []
[2017-09-27 08:09:35] rpcSend.INFO: Generated the callback queue: amq.gen-tl4s8HeZb3BsGMhDMRrksA [] []
[2017-09-27 08:09:35] rpcSend.INFO: Generated correlation id: 59cb409ff2bed [] []
[2017-09-27 08:09:35] rpcSend.INFO: Published message into queue [] []
[2017-09-27 08:09:35] rpcSend.INFO: Waiting to receive response [] []
[2017-09-27 08:09:35] rpcSend.INFO: Received response [] []
[2017-09-27 08:09:35] rpcSend.INFO: Correlation id matches, setting response: {"status":false} [] []
