[2017-09-27 07:55:46] workerReceive.INFO: Begin listen routine [] []
[2017-09-27 07:55:51] workerReceive.INFO: Begin listen routine [] []
[2017-09-27 07:56:17] workerReceive.INFO: Begin listen routine [] []
[2017-09-27 07:56:17] workerReceive.INFO: Consuming from queue [] []
[2017-09-27 07:56:17] workerReceive.INFO: Waiting for incoming messages [] []
[2017-09-27 07:58:37] workerReceive.INFO: Received message: 1111111 [] []
[2017-09-27 07:58:37] workerReceive.INFO: Generating PDF... [] []
[2017-09-27 07:58:41] workerReceive.INFO: ...PDF generated [] []
[2017-09-27 07:58:41] workerReceive.INFO: Sending email... [] []
[2017-09-27 07:58:44] workerReceive.INFO: Email sent [] []
[2017-09-27 07:58:44] workerReceive.INFO: Waiting for incoming messages [] []
[2017-09-27 08:00:09] workerReceive.INFO: Received message: 2222222 [] []
[2017-09-27 08:00:09] workerReceive.INFO: Generating PDF... [] []
[2017-09-27 08:00:11] workerReceive.INFO: ...PDF generated [] []
[2017-09-27 08:00:11] workerReceive.INFO: Sending email... [] []
[2017-09-27 08:00:12] workerReceive.INFO: Email sent [] []
[2017-09-27 08:00:12] workerReceive.INFO: Waiting for incoming messages [] []
[2017-09-27 12:48:49] workerReceive.INFO: Received message: 4444444 [] []
[2017-09-27 12:48:49] workerReceive.INFO: Generating PDF... [] []
[2017-09-27 12:48:52] workerReceive.INFO: ...PDF generated [] []
[2017-09-27 12:48:52] workerReceive.INFO: Sending email... [] []
[2017-09-27 12:48:55] workerReceive.INFO: Email sent [] []
[2017-09-27 12:48:55] workerReceive.INFO: Waiting for incoming messages [] []
[2017-09-27 12:53:39] workerReceive.INFO: Received message: 6666666 [] []
[2017-09-27 12:53:39] workerReceive.INFO: Generating PDF... [] []
[2017-09-27 12:53:44] workerReceive.INFO: ...PDF generated [] []
[2017-09-27 12:53:44] workerReceive.INFO: Sending email... [] []
[2017-09-27 12:53:45] workerReceive.INFO: Email sent [] []
[2017-09-27 12:53:45] workerReceive.INFO: Waiting for incoming messages [] []
